Jul 13 12:49 : config: option 'buffer_time' on line 219 was not recognized
Jul 13 12:49 : update: added /269 Lindsey Stirling - Zi-zis Journey.mp4
Jul 13 12:49 : update: added /274 Avril Lavigne - How You Remind Me （音悦疯GaGa制）.mp4
Jul 13 12:49 : update: added /076 Fall Out Boy - Irresistible  葡萄先森制.mp4
Jul 13 12:49 : update: added /081 Pop Danthology 2013 预言者无罪制.mp4
Jul 13 12:49 : update: added /033 水果姐 - Part Of Me   啰哩C罗制.mp4
Jul 13 12:49 : update: added /034 水果姐 - Teenage Dream  迪幻字幕组.mp4
Jul 13 12:49 : update: added /237 Macklemoreyan Lewis Wanz - Thrift Shop 二手店.mp4
Jul 13 12:49 : update: added /105 黄老板 - Photograph  雄panda.mp4
Jul 13 12:49 : update: added /298 Fun - We are Young  木木1203制.mp4
Jul 13 12:49 : update: added /049 Justin Bieber - Never Say Never.mp4
Jul 13 12:49 : update: added /354 TheFatRat - Fly Away.mp4
Jul 13 12:49 : update: added /100 绵羊 - On My Mind  柚子木字幕组.mp4
Jul 13 12:49 : update: added /235 Troye Sivan - YOUTH.mp4
Jul 13 12:49 : update: added /315 棉花糖 - Chasing Colors.mp4
Jul 13 12:49 : update: added /284 Dualipa - New Rules.mp4
Jul 13 12:49 : update: added /138 梦龙 - Believer.mp4
Jul 13 12:49 : update: added /317 棉花糖 - Moving On  Official Music Video.mp4
Jul 13 12:49 : update: added /213 蛇叔 - Let me love you  油兔不二字幕组.mp4
Jul 13 12:49 : update: added /195 Lady Gaga - Poker Face.mp4
Jul 13 12:49 : update: added /307 Jim Yosef - Link.mp4
Jul 13 12:49 : update: added /321 马龙 - Better now【Powered by 12Killerwhale】.mp4
Jul 13 12:49 : update: added /182 Macklemore   Ryan Lewis - Thrift Shop （迪幻字幕组制.mp4
Jul 13 12:49 : update: added /295 Samantha Jade - Soldier.mp4
Jul 13 12:49 : update: added /294 Fort Minor - Remember The Name.mp4
Jul 13 12:49 : update: added /139 梦龙 - It s Time  LittleStone612.mp4
Jul 13 12:49 : update: added /244 Lukas Graham - Mama Said Leo_Fang制.mp4
Jul 13 12:49 : update: added /015 霉霉 - We Are Never Ever Getting Back Together.mp4
Jul 13 12:49 : update: added /323 马龙 - Congratulations   Funfunxi.mp4
Jul 13 12:49 : update: added /278 Alessia Cara - Scars To Your Beautiful（杰特尔·DK）.mp4
Jul 13 12:49 : update: added /179 酷玩 大烟鬼 - Something Just Like This  DENG LEI制.mp4
Jul 13 12:49 : update: added /260 奶儿 - This Town  柚子木字幕组.mp4
Jul 13 12:49 : update: added /277 姆爷 - Rap God 喵呜字幕组.mp4
Jul 13 12:49 : update: added /241 Justin Timberlake - Mirrors.mp4
Jul 13 12:49 : update: added /064 Sia - The Greates 尚恩LC 杰特尔.DK制.mp4
Jul 13 12:49 : update: added /026 火星哥 - The Lazy Song   Lan Wenyi制.mp4
Jul 13 12:49 : update: added /192 大烟鬼 - Paris.mp4
Jul 13 12:49 : update: added /343 Delacey - Dream it possible.mp4
Jul 13 12:49 : update: added /087 艾薇儿 - Girlfriend.mp4
Jul 13 12:49 : update: added /044 A妹 - Breathin.mp4
Jul 13 12:49 : update: added /098 绵羊 - I Need Your Love（迪幻字幕组）.mp4
Jul 13 12:49 : update: added /032 水果姐 - Firework 中英字幕  soledad制.mp4
Jul 13 12:49 : update: added /116 麦粒 - We Can_ t Stop  迪幻字幕组.mp4
Jul 13 12:49 : update: added /007 魔力红 - One More Night  喵呜字幕组.mp4
Jul 13 12:49 : update: added /109 黄老板 - Castle On The Hill.mp4
Jul 13 12:49 : update: added /083 Pop Danthology 2015 Part 1.mp4
Jul 13 12:49 : update: added /120 盆栽 - Blinding Lights.mp4
Jul 13 12:49 : update: added /163 五美 - Sledgehammer.mp4
Jul 13 12:49 : update: added /155 Alan Walker - Lost Control.mp4
Jul 13 12:49 : update: added /108 黄老板 - Galway Girl  Water字幕组.mp4
Jul 13 12:49 : update: added /093 钱婆 - Crazy Kids（迪幻字幕组）.mp4
Jul 13 12:49 : update: added /352 Krewella - Alibi.mp4
Jul 13 12:49 : update: added /151 Alan Walker Gavin James - Tired.mp4
Jul 13 12:49 : update: added /210 共和 - Counting Stars 数星星  尚恩LC  ； 老赵LD制.mp4
Jul 13 12:49 : update: added /141 飞行员 - Ride.mp4
Jul 13 12:49 : update: added /110 黄老板 - Perfect  柚子木字幕组.mp4
Jul 13 12:49 : update: added /286 ILLENIUM Phoebe Ryan - Mine  Illenium Remix.mp4
Jul 13 12:49 : update: added /345 Ava Max - Sweet But Psycho娃子字幕组.mp4
Jul 13 12:49 : update: added /001 魔力红 - Sugar  尚恩LC  老赵LD制.mp4
Jul 13 12:49 : update: added /334 Family of The year - Hero.mp4
Jul 13 12:49 : update: added /238 Macklemore   Ryan Lewis- Can t Hold Us 迪幻字幕组.mp4
Jul 13 12:49 : update: added /140 飞行员 - Stressed Out  我木JJ我怕谁.mp4
Jul 13 12:49 : update: added /229 A神（鸽子王） - Wake Me Up  Fang1169制.mp4
Jul 13 12:49 : update: added /314 棉花糖- Alone.mp4
Jul 13 12:49 : update: added /079 Fall Out Boy - Young And Menace.mp4
Jul 13 12:49 : update: added /249 5 Seconds of Summer - Good Girls.mp4
Jul 13 12:49 : update: added /048 Justin Bieber - Love Yourself  PURPOSE The Movement.mp4
Jul 13 12:49 : update: added /028 火星哥 - That s What I Like.mp4
Jul 13 12:49 : update: added /312 AnneMarie 棉花糖 - Friends.mp4
Jul 13 12:49 : update: added /149 Alan Walker - Alone.mp4
Jul 13 12:49 : update: added /088 艾薇儿 - How You Remind Me （音悦疯GaGa制）.mp4
Jul 13 12:49 : update: added /077 Fall Out Boy - The Phoenix  小白制.mp4
Jul 13 12:49 : update: added /303 Feint - We Won_ t Be Alone.mp4
Jul 13 12:49 : update: added /331 benny blanco  Halsey  Khalid - Eastside   搞事字幕组.mp4
Jul 13 12:49 : update: added /243 Lukas Graham - 7 Years.mp4
Jul 13 12:49 : update: added /191 大烟鬼 - Closer.mp4
Jul 13 12:49 : update: added /221 胖妹 - All About That Bass  迪幻字幕组.mp4
Jul 13 12:49 : update: added /338 Revolution - The Score.mp4
Jul 13 12:49 : update: added /012 霉霉 - Blank Space  尚恩LC  老赵LD制.mp4
Jul 13 12:49 : update: added /293 Jon Bellion - All Time Low.mp4
Jul 13 12:49 : update: added /209 共和 - Apologize.mp4
Jul 13 12:49 : update: added /299 Blaxy Girls - If You Feel My Love.mp4
Jul 13 12:49 : update: added /131 梦龙 - Shots   音悦疯GaGa   指纹WD 制.mp4
Jul 13 12:49 : update: added /341 Vicetone - Way Back  feat. Cozi Zuehlsdorff   小邓字幕组.mp4
Jul 13 12:49 : update: added /204 姆爷 - 日日 Love The Way You Lie.mp4
Jul 13 12:49 : update: added /329 Panic  At The Disco - High Hopes.mp4
Jul 13 12:49 : update: added /166 傻脸娜 - Good For You  音悦疯GaGa   指纹WD 制.mp4
Jul 13 12:49 : update: added /173 断眉 - We Don t Talk Anymore.mp4
Jul 13 12:49 : update: added /255 Rachel Platten - Stand By You.mp4
Jul 13 12:49 : update: added /300 Tez Cadey - Seve.mp4
Jul 13 12:49 : update: added /112 肉男 - Wild Ones（羽翼字幕组.mp4
Jul 13 12:49 : update: added /121 盆栽 - Save Your Tears.mp4
Jul 13 12:49 : update: added /066 Sia - Dusk Till Dawn  迪幻字幕组.mp4
Jul 13 12:49 : update: added /223 大评论家 - Royals  迪幻字幕组.mp4
Jul 13 12:49 : update: added /254 TheFatRat - Monody.mp4
Jul 13 12:49 : update: added /262 Florida Georgia Line - H.O.L.Y.mp4
Jul 13 12:49 : update: added /074 Fall Out Boy - Centuries   小蘑菇 伟哥.mp4
Jul 13 12:49 : update: added /137 梦龙 - Natural  尚恩LC 杰特尔.DK制.mp4
Jul 13 12:49 : update: added /129 Fetty Wap - My Way.mp4
Jul 13 12:49 : update: added /340 Jonas Blue - Rise  小邓字幕组.mp4
Jul 13 12:49 : update: added /019 小破团 - Drag Me Down  西洋知音.mp4
Jul 13 12:49 : update: added /330 5 Seconds of Summer - Youngblood   搞事字幕组.mp4
Jul 13 12:49 : update: added /135 梦龙 - Zero.mp4
Jul 13 12:49 : update: added /124 盆栽 - Can_ t Feel My Face  音悦疯GaGa   尚恩LC 制.mp4
Jul 13 12:49 : update: added /133 梦龙 - Radioactive 放射性在榜87周.mp4
Jul 13 12:49 : update: added /225 Fun. - We are Young（木木1203制）.mp4
Jul 13 12:49 : update: added /280 Jewe - Stay Here Forever  山寨骑羊转制.mp4
Jul 13 12:49 : update: added /276 KyleeLil Yachty - iSpy.mp4
Jul 13 12:49 : update: added /156 Alan Walker - Sad Sometimes.mp4
Jul 13 12:49 : update: added /160 五美 - Worth It  尚恩LC   老赵LD制.mp4
Jul 13 12:49 : update: added /263 gnash - I Hate U I Love U.mp4
Jul 13 12:49 : update: added /018 霉霉 - Love Story.mp4
Jul 13 12:49 : update: added /043 A妹 - Dangerous Woman  徐百末   肉粒儿.mp4
Jul 13 12:49 : update: added /339 Kerli ILLENIUM - sound of walking away.mp4
Jul 13 12:49 : update: added /351 Louis The Child - Better Not.mp4
Jul 13 12:49 : update: added /324 马龙 - Goodbyes.mp4
Jul 13 12:49 : update: added /201 Rihanna - Take A Bow.mp4
Jul 13 12:49 : update: added /252 Rixton - Me And My Broken Heart 迪幻字幕组.mp4
Jul 13 12:49 : update: added /212 蛇叔 -  Middle ft. Bipolar Sunshine 喵呜字幕组.mp4
Jul 13 12:49 : update: added /326 Alvaro Soler - Sofia （张益虫）.mp4
Jul 13 12:49 : update: added /194 Lady Gaga - Bad Romance.mp4
Jul 13 12:49 : update: added /068 阿 呆 - Someone Like You  肉粒儿.mp4
Jul 13 12:49 : update: added /188 萌德 - There s Nothing Holdin t Me Back 葡萄先森.mp4
Jul 13 12:49 : update: added /104 黄老板 - Don_ t  Chenfoot.mp4
Jul 13 12:49 : update: added /147 Alan Walker Noah Cyrus - All Falls Down.mp4
Jul 13 12:49 : update: added /086 艾薇儿 - Tik Tok 现场版.mp4
Jul 13 12:49 : update: added /055 Justin Bieber - 2U.mp4
Jul 13 12:49 : update: added /089 艾薇儿 - My Happy Ending.mp4
Jul 13 12:49 : update: added /039 A妹 - One Last Time  迪幻字幕组.mp4
Jul 13 12:49 : update: added /145 Alan Walker - Sing Me To Sleep 柚子音乐.mp4
Jul 13 12:49 : update: added /181 Lukas Graham - Mama Said  Leo_Fang制.mp4
Jul 13 12:49 : update: added /304 Halsey - Bad At Love 搞事字幕组.mp4
Jul 13 12:49 : update: added /190 大烟鬼 大牙-Don_ t Let Me Down  柚子木字幕组.mp4
Jul 13 12:49 : update: added /040 A妹 - Problem （尚恩LC   老赵LD制）.mp4
Jul 13 12:49 : update: added /059 Sia - Titanium.mp4
Jul 13 12:49 : update: added /318 棉花糖，Bastille - Happier    太极狼翻译.mp4
Jul 13 12:49 : update: added /144 Alan Walker - Faded  柚子制.mp4
Jul 13 12:49 : update: added /266 Gym Class Heroes 骚当 - Stereo Hearts.mp4
Jul 13 12:49 : update: added /308 DEAMN - Save Me.mp4
Jul 13 12:49 : update: added /056 Justin Bieber - Cold Water.mp4
Jul 13 12:49 : update: added /126 盆栽 - I Feel It Coming  霞客字幕组.mp4
Jul 13 12:49 : update: added /050 Justin Bieber - Sorry.mp4
Jul 13 12:49 : update: added /119 麦粒 - Malibu    迪幻字幕组.mp4
Jul 13 12:49 : update: added /091 凯莎（钱婆） - Praying  柚子木字幕组.mp4
Jul 13 12:49 : update: added /220 传奇哥 - All Of Me   Jin制.mp4
Jul 13 12:49 : update: added /174 断眉 - One Call Away  霞客字幕出品.mp4
Jul 13 12:49 : update: added /186 萌德 西装老婆 - I Know What You Did Last Summer.mp4
Jul 13 12:49 : update: added /157 Alan Walker_K-391 - Ignite  搞事字幕组.mp4
Jul 13 12:49 : update: added /009 魔力红 - Maps.mp4
Jul 13 12:49 : update: added /085 艾薇儿 - Innocence TV现场版（Chenfoot制）.mp4
Jul 13 12:49 : update: added /063 Sia - Cheap Thrills 葡萄先森制.mp4
Jul 13 12:49 : update: added /218 萌猴 - The Middle.mp4
Jul 13 12:49 : update: added /005 魔力红 - Animals 尚恩LC  老赵LD制.mp4
Jul 13 12:49 : update: added /202 Rihanna - We found love.mp4
Jul 13 12:49 : update: added /253 G-EazyBebe Rexha - Me  Myself   I 山丘豆猫儿 山北吴大湿.mp4
Jul 13 12:49 : update: added /272 Sam Hunt - Body Like A Back Road.mp4
Jul 13 12:49 : update: added /084 Pop Danthology 2015 Part 2.mp4
Jul 13 12:49 : update: added /178 酷玩 - Hymn For The Weekend （杰特尔·DK 尚恩LC制）.mp4
Jul 13 12:49 : update: added /096 钱婆 - Blah Blah Blah.mp4
Jul 13 12:49 : update: added /197 Lady Gaga - Perfect Illusion  Tyler   肉粒儿.mp4
Jul 13 12:49 : update: added /214 萌猴 - Stay The Night.mp4
Jul 13 12:49 : update: added /072 阿呆 - Send My Love 西洋知音.mp4
Jul 13 12:49 : update: added /051 Justin Bieber - What Do You Mean  音乐炸了制.mp4
Jul 13 12:49 : update: added /014 霉霉 - Shake It Off  老赵LD制.mp4
Jul 13 12:49 : update: added /347 Jonas Brothers - Sucker 太极狼翻译.mp4
Jul 13 12:49 : update: added /136 梦龙 - Thunder.mp4
Jul 13 12:49 : update: added /316 棉花糖 - FLY！.mp4
Jul 13 12:49 : update: added /205 Rihanna - Stay.mp4
Jul 13 12:49 : update: added /025 火星哥 - Just The Way You Are  Lance Long制.mp4
Jul 13 12:49 : update: added /024 火星哥 - It Will Rain （喵呜字幕组）.mp4
Jul 13 12:49 : update: added /291 Portugal. The Man - Feel It Still.mp4
Jul 13 12:49 : update: added /344 Lil Nas X - Old Town Road ft Billy Ray Cyrus.mp4
Jul 13 12:49 : update: added /103 黄老板-Taylor Swift - Everything Has Changed  Fang1169.mp4
Jul 13 12:49 : update: added /349 MIKA - Relax Take It Easy.mp4
Jul 13 12:49 : update: added /171 棉花糖，傻脸娜 - Wolves 中英字幕  情绪字幕组.mp4
Jul 13 12:49 : update: added /297 A神 - Waiting For Love（Tyler   老赵LD制）.mp4
Jul 13 12:49 : update: added /285 Masetti - Our Own Heaven.mp4
Jul 13 12:49 : update: added /130 梦龙 - Warriors 《英雄联盟》主题曲 柚子.mp4
Jul 13 12:49 : update: added /234 Passenger - Let Her Go.mp4
Jul 13 12:49 : update: added /290 LogicAlessia CaraKhalid - 1-800-273-8255.mp4
Jul 13 12:49 : update: added /287 Legends Never Die.mp4
Jul 13 12:49 : update: added /353 Anne-Marie David Guetta - Don t Leave Me Alone.mp4
Jul 13 12:49 : update: added /283 Lifeline -Zeraphym - Lifeline.mp4
Jul 13 12:49 : update: added /288 Khalid - Young Dumb.mp4
Jul 13 12:49 : update: added /219 Let It Go.mp4
Jul 13 12:49 : update: added /169 傻脸娜 - It Ain t Me   杰特尔·DK制.mp4
Jul 13 12:49 : update: added /154 Alan Walker - Lily.mp4
Jul 13 12:49 : update: added /067 阿 呆 - Rolling In The Deep   老赵LD.mp4
Jul 13 12:49 : update: added /150 Alan Walker - Alone Pt II.mp4
Jul 13 12:49 : update: added /251 Zay Hilfigerrr Zayion McCall - Juju On That Beat.mp4
Jul 13 12:49 : update: added /320 马龙 - Psycho 【Powered by 12Killerwhale】.mp4
Jul 13 12:49 : update: added /038 A妹 - Break Free   迪幻字幕组.mp4
Jul 13 12:49 : update: added /003 魔力红 - memories.mp4
Jul 13 12:49 : update: added /198 Lady Gaga - Joanne  韩宇森字幕男.mp4
Jul 13 12:49 : update: added /073 阿呆- Chasing Pavements   迪幻字幕组.mp4
Jul 13 12:49 : update: added /125 盆栽 - The Hills.mp4
Jul 13 12:49 : update: added /271 Zedd  Alessia Cara - Stay  柚子木字幕组.mp4
Jul 13 12:49 : update: added /061 Sia- Elastic Heart.mp4
Jul 13 12:49 : update: added /027 火星哥 - Uptown Funk  迪幻字幕组.mp4
Jul 13 12:49 : update: added /301 ZAYN   Sia- Dusk Till Dawn.mp4
Jul 13 12:49 : update: added /319 棉花糖 - Here With Me 谨以此纪念牺牲的消防英雄  太极狼翻译.mp4
Jul 13 12:49 : update: added /270 Rita Ora - Your Song  柚子木字幕组.mp4
Jul 13 12:49 : update: added /233 James Bay - Let It Go  葡萄先森制.mp4
Jul 13 12:49 : update: added /022 火星哥 - Locked Out Of Heaven  迪幻字幕组.mp4
Jul 13 12:49 : update: added /350 Deep Chills - Run free.mp4
Jul 13 12:49 : update: added /029 火星哥 - 24K Magic.mp4
Jul 13 12:49 : update: added /328 David Guetta Jamie Scott Martin Garrix - So Far Away.mp4
Jul 13 12:49 : update: added /069 阿 呆- Set Fire To The Rain 现场版 羽翼字幕组.mp4
Jul 13 12:49 : update: added /065 Sia - Move Your Body.mp4
Jul 13 12:49 : update: added /092 钱婆 - Tik Tok  山寨骑羊转制.mp4
Jul 13 12:49 : update: added /101 绵羊 - Lights   羽翼字幕组制.mp4
Jul 13 12:49 : update: added /132 梦龙 - Demons  老赵LD制.mp4
Jul 13 12:49 : update: added /215 萌猴 - Candyman  ft. Aloe Blac.mp4
Jul 13 12:49 : update: added /017 霉霉 - Look What You Make Me Do 中英字幕.mp4
Jul 13 12:49 : update: added /346 Gavin Degraw - fire.mp4
Jul 13 12:49 : update: added /162 五美 - All In My Head  Flex  （淋星字幕组）.mp4
Jul 13 12:49 : update: added /342 train乐队 - 50 Ways To Say Goodbye.mp4
Jul 13 12:49 : update: added /180 Lukas Graham - 7 Years  喵呜字幕组.mp4
Jul 13 12:49 : update: added /082 Pop Danthology 2014 预言者无罪制.mp4
Jul 13 12:49 : update: added /054 Justin Bieber - I m The One.mp4
Jul 13 12:49 : update: added /207 Rihanna David Guetta - Right Now.mp4
Jul 13 12:49 : update: added /187 萌德 - Treat You Better  葡萄先森制.mp4
Jul 13 12:49 : update: added /264 The Downtown Fiction - I Just Wanna Run.mp4
Jul 13 12:49 : update: added /311 Matt Terry - Sucker for You.mp4
Jul 13 12:49 : update: added /036 水果姐 - Roar  迪幻字幕组.mp4
Jul 13 12:49 : update: added /282 NF— Let You Down  青柠字幕组.mp4
Jul 13 12:49 : update: added /240 DNCE - Cake By The Ocean.mp4
Jul 13 12:49 : update: added /035 水果姐 - The One That Got Away  Ballad Version.mp4
Jul 13 12:49 : update: added /165 傻脸娜 - Same Old Love  徐百末   老赵LD制.mp4
Jul 13 12:49 : update: added /148 Alan Walker - The Spectre.mp4
Jul 13 12:49 : update: added /167 傻脸娜 - Hands To Myself （Bitch字幕组）.mp4
Jul 13 12:49 : update: added /289 League of Legends - Flash Funk  Marshmello Remix -OnlineYouTube44.mp4
Jul 13 12:49 : update: added /106 黄老板 - Thinking Out Loud  迪幻字幕组.mp4
Jul 13 12:49 : update: added /010 魔力红 - Girls Like You.mp4
Jul 13 12:49 : update: added /127 Fetty Wap - Trap Queen.mp4
Jul 13 12:49 : update: added /222 Iggy - Fancy   迪幻字幕组.mp4
Jul 13 12:49 : update: added /016 霉霉 - Ready For It.mp4
Jul 13 12:49 : update: added /052 Justin Bieber - Where Are U Now   迪幻字幕组.mp4
Jul 13 12:49 : update: added /183 Macklemore   Ryan Lewis - Can_ t Hold Us  迪幻字幕组.mp4
Jul 13 12:49 : update: added /239 Robin Schulz - Sugar 真人版老崔 喵呜字幕组.mp4
Jul 13 12:49 : update: added /247 粉妈 - What About Us 葡萄先森.mp4
Jul 13 12:49 : update: added /102 黄老板 - Shape of You  柚子木字幕组.mp4
Jul 13 12:49 : update: added /327 The Band Perry - If I Die Young.mp4
Jul 13 12:49 : update: added /227 Blurred Lines  喵呜字幕组  - T.I.Robin ThickePharrell Williams.mp4
Jul 13 12:49 : update: added /248 P叔-YoNayer - Give Me Everything 朋鸟木木制.mp4
Jul 13 12:49 : update: added /161 五美 - Work from Home  迪幻字幕组.mp4
Jul 13 12:49 : update: added /013 霉霉 - I Knew You Were Trouble（老赵LD制.mp4
Jul 13 12:49 : update: added /306 G-Eazy Kehlani - Good Life  柚子木字幕组.mp4
Jul 13 12:49 : update: added /261 Calvin Harris - My Way  搞事字幕组.mp4
Jul 13 12:49 : update: added /258 Clean Bandit - Rockabye ft. Sean Paul  ； Anne-Marie  搞事字幕组.mp4
Jul 13 12:49 : update: added /313 棉花糖，Khalid - Silence  阿尔法小分队音乐组.mp4
Jul 13 12:49 : update: added /189 大烟鬼 - Roses  MrP wHim3制.mp4
Jul 13 12:49 : update: added /046 Justin Bieber - Despacito Remix    杰特尔·DK 尚恩LC制.mp4
Jul 13 12:49 : update: added /146 Alan Walker vs Coldplay - Hymn For The Weekend [Remix]（荧光字幕组制）.mp4
Jul 13 12:49 : update: added /322 马龙 - Circles.mp4
Jul 13 12:49 : update: added /224 大卤肉 - Want To Want Me.mp4
Jul 13 12:49 : update: added /267 Calvin Harris - Summer.mp4
Jul 13 12:49 : update: added /057 Justin Bieber - Lonely.mp4
Jul 13 12:49 : update: added /333 Cash Cash，Sofia Reyes -  How To Love   迪幻字幕组.mp4
Jul 13 12:49 : update: added /042 A妹 麻辣鸡 - Side To Side.mp4
Jul 13 12:49 : update: added /256 Kungs ft Cookin  on 3 Burners - This Girl.mp4
Jul 13 12:49 : update: added /058 Sia - I_ m In Here.mp4
Jul 13 12:49 : update: added /236 Zara Larsson ；MNEK - Never Forget You.mp4
Jul 13 12:49 : update: added /107 黄老板 - Photograph   柚子木字幕组.mp4
Jul 13 12:49 : update: added /095 钱婆 - Die Young  迪幻字幕组.mp4
Jul 13 12:49 : update: added /337 马老五 - Lost Stars（Sherlofuck字幕组）.mp4
Jul 13 12:49 : update: added /158 Alan Walker Ahrix K-391   - End Of Time.mp4
Jul 13 12:49 : update: added /245 粉妈 - Just Give Me A Reason圆圆圆字幕.mp4
Jul 13 12:49 : update: added /053 Justin Bieber 蛇叔 - Let Me Love You.mp4
Jul 13 12:49 : update: added /011 魔力红 - Cold  葡萄先森.mp4
Jul 13 12:49 : update: added /265 Kurt Schneider - NEVER BE LIKE YOU  音悦范字幕组出品.mp4
Jul 13 12:49 : update: added /310 Camila Cabello - Never Be The Same.mp4
Jul 13 12:49 : update: added /246 粉妈 - Just Like Fire  韩宇森字幕男.mp4
Jul 13 12:49 : update: added /268 Colbie Caillat - Try  韩宇森字幕男 制.mp4
Jul 13 12:49 : update: added /211 蛇叔 - Lean On   尚恩LC   老赵LD制.mp4
Jul 13 12:49 : update: added /142 飞行员 - Heathens自杀小队 尚恩LC   肉粒儿.mp4
Jul 13 12:49 : update: added /175 断眉 - How Long.mp4
Jul 13 12:49 : update: added /143 飞行员 - Hometown  Sleepers Chapter 03.mp4
Jul 13 12:49 : update: added /199 Lady Gaga - Million Reasons  魅影年华是小轩轩   肉粒儿.mp4
Jul 13 12:49 : update: added /080 Pop Danthology 2012.mp4
Jul 13 12:49 : update: added /296 骚姆 - Too Good At Goodbyes 青柠字幕组.mp4
Jul 13 12:49 : update: added /336 Krewella - Alive.mp4
Jul 13 12:49 : update: added /070 阿 呆 - Hello   柚子制.mp4
Jul 13 12:49 : update: added /004 魔力红 - Don t Wanna Know.mp4
Jul 13 12:49 : update: added /168 傻脸娜 - Bad Liar 情绪字幕组.mp4
Jul 13 12:49 : update: added /232 海狸 - Starving.mp4
Jul 13 12:49 : update: added /231 Selena GomezAvicii - Gold  Bitch字幕组.mp4
Jul 13 12:49 : update: added /115 肉男 - My House.mp4
Jul 13 12:49 : update: added /062 Sia - Alive sPRINKLE良木.mp4
Jul 13 12:49 : update: added /275 Jason Mraz - I m Yours.mp4
Jul 13 12:49 : update: added /348 Khalid - Talk.mp4
Jul 13 12:49 : update: added /111 黄老板 - What Do I Know？.mp4
Jul 13 12:49 : update: added /259 Bebe Rexha - In The Name Of Love.mp4
Jul 13 12:49 : update: added /217 萌猴  Alessia Cara - Stay  柚子木字幕组.mp4
Jul 13 12:49 : update: added /002 魔力红 Cardi B - Girls Like You -  太极狼翻译.mp4
Jul 13 12:49 : update: added /305 MAX  feat.gnash  - Lights Down Low.mp4
Jul 13 12:49 : update: added /031 水果姐 - Dark Horse   尚恩LC  老赵LD制.mp4
Jul 13 12:49 : update: added /281 Chris Medina - What Are Words.mp4
Jul 13 12:49 : update: added /153 Alan Walker - Darkside  ft. Au_Ra and Tomine Harket  柚子木字幕组.mp4
Jul 13 12:49 : update: added /122 小牛牛-盆栽 - Love Me Harder  迪幻字幕组.mp4
Jul 13 12:49 : update: added /177 酷玩 - Viva la vida  Fang1169制.mp4
Jul 13 12:49 : update: added /279 Demi Lovato - Sorry Not Sorry  情绪字幕组.mp4
Jul 13 12:49 : update: added /309 Battle Symphony- Linkin Park.mp4
Jul 13 12:49 : update: added /152 Alan Walker - Different World  feat. Sofia Carson  K-391 CORSAK.mp4
Jul 13 12:49 : update: added /123 盆栽 - Earned It  音悦疯GaGa   指纹WD 制.mp4
Jul 13 12:49 : update: added /230 Magic - Rude 比收入  迪幻字幕字幕组）.mp4
Jul 13 12:49 : update: added /159 Alan Walker  K-391  Tungevaag  Mangoo - PLAY.mp4
Jul 13 12:49 : update: added /045 A妹 - Thank U  Next  情绪字幕组.mp4
Jul 13 12:49 : update: added /170 傻脸娜 - The Heart Wants What It Wants  音悦疯GaGa   指纹WD制.mp4
Jul 13 12:49 : update: added /216 萌猴 - Beautiful Now.mp4
Jul 13 12:49 : update: added /250 Mike Posner - I Took A Pill In Ibiza  SeeB Remix   柚子木字幕组.mp4
Jul 13 12:49 : update: added /094 钱婆-P叔 - Timber  伟哥制.mp4
Jul 13 12:49 : update: added /078 Fall Out Boy - Uma Thurman  sPRINKLE良木.mp4
Jul 13 12:49 : update: added /200 Lady Gaga - The Edge Of Glory.mp4
Jul 13 12:49 : update: added /206 Rihanna. ft Sia - Diamonds.mp4
Jul 13 12:49 : update: added /335 Cash Cash - Hero feat. Christina Perri  Audio.mp4
Jul 13 12:49 : update: added /184 萌德 - Mercy 杰特尔·DK 尚恩LC.mp4
Jul 13 12:49 : update: added /114 肉男 - Good Feeling.mp4
Jul 13 12:49 : update: added /355 Bebe Rexha - Ferrari.mp4
Jul 13 12:49 : update: added /041 A妹-结石姐-麻辣鸡 - Bang Bang   迪幻字幕组.mp4
Jul 13 12:49 : update: added /090 艾薇儿 - When You re Gone 中英字幕 啰哩C罗.mp4
Jul 13 12:49 : update: added /172 断眉 Wiz Khalifa - See You Again  柚子制）.mp4
Jul 13 12:49 : update: added /193 大烟鬼 ft.Winona Oak - Hope.mp4
Jul 13 12:49 : update: added /203 Lady Gaga - Shallow.mp4
Jul 13 12:49 : update: added /332 Halsey - Without Me.mp4
Jul 13 12:49 : update: added /008 魔力红 - Moves Like Jagger.mp4
Jul 13 12:49 : update: added /134 梦龙Lil Wayne - Sucker For Pain 《自杀小队》原声（杰特尔·DK）.mp4
Jul 13 12:49 : update: added /325 马龙 - Sunflower【BC字幕】.mp4
Jul 13 12:49 : update: added /037 水果姐 - Wide Awake.mp4
Jul 13 12:49 : update: added /097 绵羊 - Burn   尚恩LC   音悦疯GaGa制）.mp4
Jul 13 12:49 : update: added /208 Rihanna Calvin Harris - This Is What You Came For（尚恩LC 杰特尔·DK）.mp4
Jul 13 12:49 : update: added /047 Justin Bieber - As Long As You Love Me  羽翼字幕组.mp4
Jul 13 12:49 : update: added /292 Young ThugCamila Cabello - Havana 西装老婆.mp4
Jul 13 12:49 : update: added /099 绵羊 - Love Me Like You Do  音悦疯GaGa   丶Tyler 制.mp4
Jul 13 12:49 : update: added /021 小破团- What Makes You Beautiful  聆听潇湘雨制.mp4
Jul 13 12:49 : update: added /071 阿呆 - When We Were Young  Tyler   老赵LD制.mp4
Jul 13 12:49 : update: added /257 西装老婆 - Bad Things.mp4
Jul 13 12:49 : update: added /273 Marian Hill - Down 中英字幕.mp4
Jul 13 12:49 : update: added /075 Fall Out Boy - Immortals  音悦疯GaGa   尚恩LC 制.mp4
Jul 13 12:49 : update: added /128 Fetty Wap - 679.mp4
Jul 13 12:49 : update: added /242 A Great Big World - Say Something.mp4
Jul 13 12:49 : update: added /302 Tobu - Roots.mp4
Jul 13 12:49 : update: added /006 魔力红 - Payphone  空格字幕组制.mp4
Jul 13 12:49 : update: added /113 肉男 - Whistle.mp4
Jul 13 14:34 : exception: Bad playlist name
Jul 13 14:35 : exception: Failed to open /home/molisiye/.config/mpd/playlists: No such file or directory
Jul 13 14:35 : exception: Failed to decode /mnt/hgfs/down/004.{欧美必听 循环}那些我们单曲循环无数次的欧美歌曲（持续更新）/005 魔力红 - Animals 尚恩LC  老赵LD制.mp4; Failed to open '/mnt/hgfs/down/004.{欧美必听 循环}那些我们单曲循环无数次的欧美歌曲（持续更新）/005 魔力红 - Animals 尚恩LC  老赵LD制.mp4': No such file or directory
Jul 13 14:35 : player: played "005 魔力红 - Animals 尚恩LC  老赵LD制.mp4"
Jul 13 14:35 : exception: Failed to decode /mnt/hgfs/down/004.{欧美必听 循环}那些我们单曲循环无数次的欧美歌曲（持续更新）/007 魔力红 - One More Night  喵呜字幕组.mp4; Failed to open '/mnt/hgfs/down/004.{欧美必听 循环}那些我们单曲循环无数次的欧美歌曲（持续更新）/007 魔力红 - One More Night  喵呜字幕组.mp4': No such file or directory
Jul 13 14:35 : player: played "007 魔力红 - One More Night  喵呜字幕组.mp4"
Jul 13 14:35 : exception: Failed to decode /mnt/hgfs/down/004.{欧美必听 循环}那些我们单曲循环无数次的欧美歌曲（持续更新）/005 魔力红 - Animals 尚恩LC  老赵LD制.mp4; Failed to open '/mnt/hgfs/down/004.{欧美必听 循环}那些我们单曲循环无数次的欧美歌曲（持续更新）/005 魔力红 - Animals 尚恩LC  老赵LD制.mp4': No such file or directory
Jul 13 14:35 : player: played "005 魔力红 - Animals 尚恩LC  老赵LD制.mp4"
Jul 13 14:35 : exception: Failed to decode /mnt/hgfs/down/004.{欧美必听 循环}那些我们单曲循环无数次的欧美歌曲（持续更新）/007 魔力红 - One More Night  喵呜字幕组.mp4; Failed to open '/mnt/hgfs/down/004.{欧美必听 循环}那些我们单曲循环无数次的欧美歌曲（持续更新）/007 魔力红 - One More Night  喵呜字幕组.mp4': No such file or directory
Jul 13 14:35 : player: played "007 魔力红 - One More Night  喵呜字幕组.mp4"
Jul 13 14:35 : exception: Failed to decode /mnt/hgfs/down/004.{欧美必听 循环}那些我们单曲循环无数次的欧美歌曲（持续更新）/005 魔力红 - Animals 尚恩LC  老赵LD制.mp4; Failed to open '/mnt/hgfs/down/004.{欧美必听 循环}那些我们单曲循环无数次的欧美歌曲（持续更新）/005 魔力红 - Animals 尚恩LC  老赵LD制.mp4': No such file or directory
Jul 13 14:35 : player: played "005 魔力红 - Animals 尚恩LC  老赵LD制.mp4"
Jul 13 14:35 : exception: Failed to open /home/molisiye/.config/mpd/playlists: No such file or directory
Jul 13 14:35 : exception: Failed to decode /mnt/hgfs/down/004.{欧美必听 循环}那些我们单曲循环无数次的欧美歌曲（持续更新）/005 魔力红 - Animals 尚恩LC  老赵LD制.mp4; Failed to open '/mnt/hgfs/down/004.{欧美必听 循环}那些我们单曲循环无数次的欧美歌曲（持续更新）/005 魔力红 - Animals 尚恩LC  老赵LD制.mp4': No such file or directory
Jul 13 14:35 : player: played "005 魔力红 - Animals 尚恩LC  老赵LD制.mp4"
Jul 13 14:35 : exception: Failed to decode /mnt/hgfs/down/004.{欧美必听 循环}那些我们单曲循环无数次的欧美歌曲（持续更新）/005 魔力红 - Animals 尚恩LC  老赵LD制.mp4; Failed to open '/mnt/hgfs/down/004.{欧美必听 循环}那些我们单曲循环无数次的欧美歌曲（持续更新）/005 魔力红 - Animals 尚恩LC  老赵LD制.mp4': No such file or directory
Jul 13 14:35 : exception: Failed to decode /mnt/hgfs/down/004.{欧美必听 循环}那些我们单曲循环无数次的欧美歌曲（持续更新）/007 魔力红 - One More Night  喵呜字幕组.mp4; Failed to open '/mnt/hgfs/down/004.{欧美必听 循环}那些我们单曲循环无数次的欧美歌曲（持续更新）/007 魔力红 - One More Night  喵呜字幕组.mp4': No such file or directory
Jul 13 14:35 : player: played "007 魔力红 - One More Night  喵呜字幕组.mp4"
Jul 13 14:36 : exception: Failed to decode /mnt/hgfs/down/004.{欧美必听 循环}那些我们单曲循环无数次的欧美歌曲（持续更新）/355 Bebe Rexha - Ferrari.mp4; Failed to open '/mnt/hgfs/down/004.{欧美必听 循环}那些我们单曲循环无数次的欧美歌曲（持续更新）/355 Bebe Rexha - Ferrari.mp4': No such file or directory
Jul 13 14:36 : player: played "355 Bebe Rexha - Ferrari.mp4"
Jul 13 14:36 : exception: Failed to decode /mnt/hgfs/down/004.{欧美必听 循环}那些我们单曲循环无数次的欧美歌曲（持续更新）/355 Bebe Rexha - Ferrari.mp4; Failed to open '/mnt/hgfs/down/004.{欧美必听 循环}那些我们单曲循环无数次的欧美歌曲（持续更新）/355 Bebe Rexha - Ferrari.mp4': No such file or directory
Jul 13 14:36 : exception: Failed to decode /mnt/hgfs/down/004.{欧美必听 循环}那些我们单曲循环无数次的欧美歌曲（持续更新）/007 魔力红 - One More Night  喵呜字幕组.mp4; Failed to open '/mnt/hgfs/down/004.{欧美必听 循环}那些我们单曲循环无数次的欧美歌曲（持续更新）/007 魔力红 - One More Night  喵呜字幕组.mp4': No such file or directory
Jul 13 14:36 : player: played "007 魔力红 - One More Night  喵呜字幕组.mp4"
Jul 13 14:36 : exception: Failed to decode /mnt/hgfs/down/004.{欧美必听 循环}那些我们单曲循环无数次的欧美歌曲（持续更新）/355 Bebe Rexha - Ferrari.mp4; Failed to open '/mnt/hgfs/down/004.{欧美必听 循环}那些我们单曲循环无数次的欧美歌曲（持续更新）/355 Bebe Rexha - Ferrari.mp4': No such file or directory
Jul 13 14:36 : player: played "355 Bebe Rexha - Ferrari.mp4"
Jul 13 14:36 : config: option 'buffer_time' on line 219 was not recognized
Jul 13 14:36 : exception: Failed to open /home/molisiye/.config/mpd/playlists: No such file or directory
Jul 13 14:36 : exception: Failed to open /home/molisiye/.config/mpd/playlists: No such file or directory
Jul 13 14:36 : exception: Failed to open /home/molisiye/.config/mpd/playlists: No such file or directory
Jul 13 14:36 : exception: Failed to open /home/molisiye/.config/mpd/playlists: No such file or directory
Jul 13 14:36 : exception: Failed to open /home/molisiye/.config/mpd/playlists: No such file or directory
Jul 13 14:36 : exception: Failed to open /home/molisiye/.config/mpd/playlists: No such file or directory
Jul 13 14:36 : exception: Failed to open /home/molisiye/.config/mpd/playlists: No such file or directory
Jul 13 14:37 : config: option 'buffer_time' on line 219 was not recognized
Jul 13 14:37 : update: added /0003.200度-叶倩文.flac
Jul 13 14:37 : update: added /0281.别来纠缠我-黑豹乐队.flac
Jul 13 14:37 : update: added /0402.缠绵-刘德华.flac
Jul 13 14:37 : update: added /0188.爱与诚-古巨基.flac
Jul 13 14:37 : update: added /0197.爱自己-莫文蔚.flac
Jul 13 14:37 : update: added /0474.纯属废话-陈雅伦.flac
Jul 13 14:37 : update: added /0285.别人都说我们会分开-无印良品.flac
Jul 13 14:37 : update: added /0268.笨小孩-刘德华.flac
Jul 13 14:37 : update: added /0408.唱着情歌流着泪-祁隆&孟小笛.flac
Jul 13 14:37 : update: added /0153.爱如潮水-张信哲.flac
Jul 13 14:37 : update: added /0213.把情感收藏起来-郑智化.flac
Jul 13 14:37 : update: added /0415.吵架-陈松伶.flac
Jul 13 14:37 : update: added /0290.别忘记联络-黄品源.flac
Jul 13 14:37 : update: added /0026.Hotel California-Eagles.flac
Jul 13 14:37 : update: added /0087.爱的呼唤-郭富城.flac
Jul 13 14:37 : update: added /0253.贝壳风铃-刘惜君.flac
Jul 13 14:37 : update: added /0291.别问我是谁-王馨平.flac
Jul 13 14:37 : update: added /0048.Shall We Talk-陈奕迅.flac
Jul 13 14:37 : update: added /0276.变迁中的你的我(演奏版)-罗大佑.flac
Jul 13 14:37 : update: added /0192.爱在浓雾中-罗文.flac
Jul 13 14:37 : update: added /0187.爱与哀愁-童安格.flac
Jul 13 14:37 : update: added /0174.爱我久久-阿牛.flac
Jul 13 14:37 : update: added /0066.爱不爱我-零点乐队.flac
Jul 13 14:37 : update: added /0441.冲动的惩罚-刀郎.flac
Jul 13 14:37 : update: added /0392.曾经爱过-张信哲.flac
Jul 13 14:37 : update: added /0075.爱得比你深-张学友.flac
Jul 13 14:37 : update: added /0433.痴情泪-林玉英.flac
Jul 13 14:37 : update: added /0329.不能说的秘密-周杰伦.flac
Jul 13 14:37 : update: added /0448.出塞曲-蔡琴.flac
Jul 13 14:37 : update: added /0070.爱不要停摆-张震岳.flac
Jul 13 14:37 : update: added /0238.包青天-胡瓜.flac
Jul 13 14:37 : update: added /0046.Para Para 樱之花-郭富城.flac
Jul 13 14:37 : update: added /0234.半生缘-黎明.flac
Jul 13 14:37 : update: added /0134.爱情来的时候-巫启贤&杨采妮.flac
Jul 13 14:37 : update: added /0467.春风秋雨-张学友.flac
Jul 13 14:37 : update: added /0220.白狐-陈瑞.flac
Jul 13 14:37 : update: added /0049.Silent All These Years-孙燕姿.flac
Jul 13 14:37 : update: added /0259.被风吹过的夏天-林俊杰&金莎.flac
Jul 13 14:37 : update: added /0325.不能告诉你-郑智化.flac
Jul 13 14:37 : update: added /0333.不让我的眼泪陪我过夜-齐秦.flac
Jul 13 14:37 : update: added /0137.爱情买卖-慕容晓晓.flac
Jul 13 14:37 : update: added /0162.爱上一个不回家的人-林忆莲.flac
Jul 13 14:37 : update: added /0315.不嫁高富帅不爱美富白-郭慧敏.flac
Jul 13 14:37 : update: added /0041.MAMAK档-阿牛.flac
Jul 13 14:37 : update: added /0191.爱在记忆中找你-林峯.flac
Jul 13 14:37 : update: added /0306.不爱我放了我-许茹芸.flac
Jul 13 14:37 : update: added /0288.别说我的眼泪你无所谓-郑源.flac
Jul 13 14:37 : update: added /0479.从不放弃-郑少秋.flac
Jul 13 14:37 : update: added /0265.本草纲目-周杰伦.flac
Jul 13 14:37 : update: added /0295.别在伤口洒盐-张惠妹.flac
Jul 13 14:37 : update: added /0459.传说-唐朝.flac
Jul 13 14:37 : update: added /0092.爱的太多是错-黄凯芹.flac
Jul 13 14:37 : update: added /0114.爱你没差-周杰伦.flac
Jul 13 14:37 : update: added /0423.承诺-刘德华.flac
Jul 13 14:37 : update: added /0218.白富美-楼宏章.flac
Jul 13 14:37 : update: added /0261.被遗忘的时光-蔡琴.flac
Jul 13 14:37 : update: added /0367.不走-杜德伟.flac
Jul 13 14:37 : update: added /0246.北方的天空下-刀郎.flac
Jul 13 14:37 : update: added /0036.Let Go-林忆莲.flac
Jul 13 14:37 : update: added /0300.冰雨-刘德华.flac
Jul 13 14:37 : update: added /0388.草原夜色美-乌兰托娅.flac
Jul 13 14:37 : update: added /0228.半岛铁盒-周杰伦.flac
Jul 13 14:37 : update: added /0022.FREE NIGHT-张震岳.flac
Jul 13 14:37 : update: added /0132.爱情故事-费翔.flac
Jul 13 14:37 : update: added /0251.北京的冬天-老狼.flac
Jul 13 14:37 : update: added /0085.爱的故事.下集.但愿他珍惜你-孙耀威.flac
Jul 13 14:37 : update: added /0308.不必在乎我是谁-林忆莲.flac
Jul 13 14:37 : update: added /0237.蚌的启示-关正杰&区瑞强&卢冠廷.flac
Jul 13 14:37 : update: added /0202.暗里着迷-刘德华.flac
Jul 13 14:37 : update: added /0449.出走-崔健.flac
Jul 13 14:37 : update: added /0457.穿过你的黑发的我的手-罗大佑.flac
Jul 13 14:37 : update: added /0104.爱就一个字-张信哲.flac
Jul 13 14:37 : update: added /0207.傲骨-谭咏麟.flac
Jul 13 14:37 : update: added /0387.草原上升起不落的太阳-降央卓玛.flac
Jul 13 14:37 : update: added /0225.白月光-张信哲.flac
Jul 13 14:37 : update: added /0270.彼岸花-王菲.flac
Jul 13 14:37 : update: added /0156.爱上别人的人-刘栋升.flac
Jul 13 14:37 : update: added /0150.爱人-邓丽君.flac
Jul 13 14:37 : update: added /0248.北国之春-邓丽君.flac
Jul 13 14:37 : update: added /0397.曾经心痛-叶倩文.flac
Jul 13 14:37 : update: added /0063.阿瓦尔古丽-刀郎.flac
Jul 13 14:37 : update: added /0252.贝加尔湖畔-李健.flac
Jul 13 14:37 : update: added /0371.猜测-无印良品.flac
Jul 13 14:37 : update: added /0007.Ai ma huo (哎玛吙)-郑钧.flac
Jul 13 14:37 : update: added /0083.爱的飞行日记-周杰伦&杨瑞代.flac
Jul 13 14:37 : update: added /0158.爱上当-郑钧.flac
Jul 13 14:37 : update: added /0232.半路-刘若英.flac
Jul 13 14:37 : update: added /0024.Goodtime-Beyond.flac
Jul 13 14:37 : update: added /0068.爱不了多久-林忆莲.flac
Jul 13 14:37 : update: added /0235.半兽人-周杰伦.flac
Jul 13 14:37 : update: added /0317.不可不信...缘-刘德华.flac
Jul 13 14:37 : update: added /0222.白兰鸽-田震.flac
Jul 13 14:37 : update: added /0327.不能没有你-刘德华.flac
Jul 13 14:37 : update: added /0426.城市蓝天-阿牛.flac
Jul 13 14:37 : update: added /0273.俾面派对-Beyond.flac
Jul 13 14:37 : update: added /0245.北の宿から-邓丽君.flac
Jul 13 14:37 : update: added /0352.不要再来伤害我-张振宇.flac
Jul 13 14:37 : update: added /0394.曾经-林子祥.flac
Jul 13 14:37 : update: added /0348.不要让我苦等候-林翠萍.flac
Jul 13 14:37 : update: added /0396.曾经-谭咏麟.flac
Jul 13 14:37 : update: added /0324.不能承受的感动-郑秀文.flac
Jul 13 14:37 : update: added /0105.爱了半天-黄品源.flac
Jul 13 14:37 : update: added /0006.A Thousand Dreams Of You-张国荣.flac
Jul 13 14:37 : update: added /0018.Don't Break My Heart-黑豹乐队.flac
Jul 13 14:37 : update: added /0369.擦肩而过-郑源.flac
Jul 13 14:37 : update: added /0359.不再别离-费翔.flac
Jul 13 14:37 : update: added /0057.Vertigo-Ambiente.flac
Jul 13 14:37 : update: added /0144.爱情余味-辛晓琪.flac
Jul 13 14:37 : update: added /0454.楚留香-郑少秋.flac
Jul 13 14:37 : update: added /0483.催眠-王菲.flac
Jul 13 14:37 : update: added /0362.不再掩饰-崔健.flac
Jul 13 14:37 : update: added /0145.爱情真伟大-莫文蔚.flac
Jul 13 14:37 : update: added /0042.Mascara-G.E.M.邓紫棋.flac
Jul 13 14:37 : update: added /0119.爱奴-费翔.flac
Jul 13 14:37 : update: added /0209.把悲伤留给自己-蔡琴.flac
Jul 13 14:37 : update: added /0418.沉默的羔羊-郑智化.flac
Jul 13 14:37 : update: added /0477.匆匆那年-王菲.flac
Jul 13 14:37 : update: added /0082.爱的叮咚-徐怀钰.flac
Jul 13 14:37 : update: added /0310.不曾在你面前掉过泪-赵传.flac
Jul 13 14:37 : update: added /0203.暗恋-彭家丽.flac
Jul 13 14:37 : update: added /0444.抽烟的女人-陈瑞.flac
Jul 13 14:37 : update: added /0384.藏龙卧虎-屠洪刚.flac
Jul 13 14:37 : update: added /0151.爱人皇后-刘德华.flac
Jul 13 14:37 : update: added /0059.阿尔斯楞的眼睛-降央卓玛.flac
Jul 13 14:37 : update: added /0211.把酒狂歌-张卫健.flac
Jul 13 14:37 : update: added /0141.爱情悬崖-周杰伦.flac
Jul 13 14:37 : update: added /0266.本色-林忆莲.flac
Jul 13 14:37 : update: added /0410.超速驾驶-郑秀文.flac
Jul 13 14:37 : update: added /0051.take care-黑豹乐队.flac
Jul 13 14:37 : update: added /0346.不要挡在我的面前-赵传.flac
Jul 13 14:37 : update: added /0381.沧海一声笑-黄霑.flac
Jul 13 14:37 : update: added /0366.不装饰你的梦-蔡国权.flac
Jul 13 14:37 : update: added /0345.不要爱我-莫文蔚.flac
Jul 13 14:37 : update: added /0435.痴心错付-刘德华.flac
Jul 13 14:37 : update: added /0013.Casablanca-费翔.flac
Jul 13 14:37 : update: added /0067.爱不后悔-田震.flac
Jul 13 14:37 : update: added /0303.玻璃心-齐秦.flac
Jul 13 14:37 : update: added /0427.乘客-王菲.flac
Jul 13 14:37 : update: added /0118.爱你一万年-伍佰 And China Blue.flac
Jul 13 14:37 : update: added /0028.I Don't Want To Say Goodbye-黑豹乐队.flac
Jul 13 14:37 : update: added /0107.爱难脱身-谭维维&GAI.flac
Jul 13 14:37 : update: added /0080.爱的初体验-张震岳.flac
Jul 13 14:37 : update: added /0136.爱情码头-郑源.flac
Jul 13 14:37 : update: added /0052.Tell Her-范晓萱.flac
Jul 13 14:37 : update: added /0339.不想你-龙飘飘.flac
Jul 13 14:37 : update: added /0342.不想长大-S.H.E.flac
Jul 13 14:37 : update: added /0264.奔-孙燕姿.flac
Jul 13 14:37 : update: added /0037.Lonely Birthday-陈松伶.flac
Jul 13 14:37 : update: added /0400.茶山姑娘-邓丽君.flac
Jul 13 14:37 : update: added /0053.Tell Me Why-郭富城.flac
Jul 13 14:37 : update: added /0390.草原之夜-刀郎.flac
Jul 13 14:37 : update: added /0420.趁早-张惠妹.flac
Jul 13 14:37 : update: added /0074.爱得比较深-陈淑桦.flac
Jul 13 14:37 : update: added /0035.Lemon Tree-苏慧伦.flac
Jul 13 14:37 : update: added /0078.爱得真伤的深-陈瑞.flac
Jul 13 14:37 : update: added /0097.爱断情伤-蔡琴.flac
Jul 13 14:37 : update: added /0152.爱人-王菲&屠洪刚.flac
Jul 13 14:37 : update: added /0195.爱在西元前-周杰伦.flac
Jul 13 14:37 : update: added /0229.半点心-草蜢.flac
Jul 13 14:37 : update: added /0196.爱转角-罗志祥.flac
Jul 13 14:37 : update: added /0383.沧桑情歌-冷漠.flac
Jul 13 14:37 : update: added /0180.爱-小虎队.flac
Jul 13 14:37 : update: added /0093.爱的逃兵-谭咏麟.flac
Jul 13 14:37 : update: added /0103.爱就像短暂的梦-费翔.flac
Jul 13 14:37 : update: added /0277.变色龙-叶振棠.ape
Jul 13 14:37 : update: added /0484.翠湖寒-邓丽君.flac
Jul 13 14:37 : update: added /0160.爱上他不只是我的错-辛晓琪.flac
Jul 13 14:37 : update: added /0417.尘埃里的花-陈瑞.flac
Jul 13 14:37 : update: added /0243.暴风女神Lorelei-谭咏麟.flac
Jul 13 14:37 : update: added /0399.曾在你怀抱-陈百强&林姗姗.flac
Jul 13 14:37 : update: added /0011.Bartender Angel-范晓萱.flac
Jul 13 14:37 : update: added /0344.不许哭-林忆莲.flac
Jul 13 14:37 : update: added /0170.爱我的请举手-莫文蔚.flac
Jul 13 14:37 : update: added /0219.白鸽-伍佰.flac
Jul 13 14:37 : update: added /0406.唱歌给你听-阿牛.flac
Jul 13 14:37 : update: added /0250.北极雪-陈慧琳&冯德伦.flac
Jul 13 14:37 : update: added /0168.爱我别走-张震岳.flac
Jul 13 14:37 : update: added /0422.成熟1、2-郑智化.flac
Jul 13 14:37 : update: added /0452.初恋情人-刘小慧.flac
Jul 13 14:37 : update: added /0258.被动-苏慧伦.flac
Jul 13 14:37 : update: added /0340.不想让你哭-王强.flac
Jul 13 14:37 : update: added /0353.不要再想你-费翔.flac
Jul 13 14:37 : update: added /0370.猜不透-丁当.flac
Jul 13 14:37 : update: added /0089.爱的连线-刘德华.flac
Jul 13 14:37 : update: added /0249.北国之春-韩宝仪.flac
Jul 13 14:37 : update: added /0319.不来也不去-陈奕迅.flac
Jul 13 14:37 : update: added /0338.不是我不小心-张镐哲.flac
Jul 13 14:37 : update: added /0455.处处吻-杨千嬅.flac
Jul 13 14:37 : update: added /0019.Don't Say Goodbye-谭咏麟.flac
Jul 13 14:37 : update: added /0267.笨小孩-刘德华&柯受良&吴宗宪.flac
Jul 13 14:37 : update: added /0081.爱的代价-李宗盛.flac
Jul 13 14:37 : update: added /0343.不需要爱情-刘德华.flac
Jul 13 14:37 : update: added /0047.Rain-范晓萱.flac
Jul 13 14:37 : update: added /0113.爱你-郭富城.flac
Jul 13 14:37 : update: added /0214.把我的爱情还给我-谢采妘.flac
Jul 13 14:37 : update: added /0200.安娜-费翔.flac
Jul 13 14:37 : update: added /0481.从前我所紧抱的-刘德华.flac
Jul 13 14:37 : update: added /0215.爸爸妈妈-Beyond.flac
Jul 13 14:37 : update: added /0201.安妮-王杰.flac
Jul 13 14:37 : update: added /0001.123木头人.flac
Jul 13 14:37 : update: added /0146.爱情证书-孙燕姿.flac
Jul 13 14:37 : update: added /0120.爱拼才会赢-草蜢.flac
Jul 13 14:37 : update: added /0240.宝贝对不起-草蜢.flac
Jul 13 14:37 : update: added /0020.Elaine-谭咏麟.flac
Jul 13 14:37 : update: added /0208.把爱辜负-黄凯芹.flac
Jul 13 14:37 : update: added /0440.冲冲冲 电影 铁血骑警 主题曲-太极.flac
Jul 13 14:37 : update: added /0373.采红菱-邓丽君.flac
Jul 13 14:37 : update: added /0177.爱夏-胡夏.flac
Jul 13 14:37 : update: added /0058.You Don't Trust Me At All-范晓萱.flac
Jul 13 14:37 : update: added /0050.Super Star-S.H.E.flac
Jul 13 14:37 : update: added /0364.不再-张信哲.flac
Jul 13 14:37 : update: added /0336.不是每个恋曲都有美好的回忆-林志颖.flac
Jul 13 14:37 : update: added /0398.曾经-钟镇涛.ape
Jul 13 14:37 : update: added /0043.Na Na Na-徐怀钰.flac
Jul 13 14:37 : update: added /0178.爱相随-周华健.flac
Jul 13 14:37 : update: added /0138.爱情-莫文蔚.flac
Jul 13 14:37 : update: added /0079.爱的哀悼-钟镇涛.flac
Jul 13 14:37 : update: added /0172.爱我的人和我爱的人-游鸿明.flac
Jul 13 14:37 : update: added /0096.爱的箴言-张靓颖.flac
Jul 13 14:37 : update: added /0194.爱在我心中-邓丽君.flac
Jul 13 14:37 : update: added /0090.爱的路上只有我和你-任贤齐.flac
Jul 13 14:37 : update: added /0372.裁缝-郑智化.flac
Jul 13 14:37 : update: added /0500.大地飞歌-宋祖英.flac
Jul 13 14:37 : update: added /0094.爱的天使-蔡依林&安志杰.flac
Jul 13 14:37 : update: added /0088.爱的进行式-陈淑桦.flac
Jul 13 14:37 : update: added /0286.别傻了-周华健&任贤齐.flac
Jul 13 14:37 : update: added /0210.把悲伤留给自己-赵传.flac
Jul 13 14:37 : update: added /0185.爱已成歌-老狼.flac
Jul 13 14:37 : update: added /0100.爱火烧不尽-刘德华.flac
Jul 13 14:37 : update: added /0360.不再回头-费翔.flac
Jul 13 14:37 : update: added /0391.草原之夜-降央卓玛.flac
Jul 13 14:37 : update: added /0376.彩虹-周杰伦.flac
Jul 13 14:37 : update: added /0204.暗涌-王菲.flac
Jul 13 14:37 : update: added /0385.草原情-降央卓玛.flac
Jul 13 14:37 : update: added /0034.Kiss Goodbye-王力宏.flac
Jul 13 14:37 : update: added /0039.LOVING YOU-杜德伟.flac
Jul 13 14:37 : update: added /0421.成全-刘若英.flac
Jul 13 14:37 : update: added /0493.打了一把钥匙给你-刘若英.flac
Jul 13 14:37 : update: added /0328.不能说的秘密-林俊杰.flac
Jul 13 14:37 : update: added /0337.不是我不明白-崔健.flac
Jul 13 14:37 : update: added /0466.春残梦断-汪明荃.flac
Jul 13 14:37 : update: added /0009.Amazing-Kanye West.flac
Jul 13 14:37 : update: added /0111.爱你到永远-黄品源.flac
Jul 13 14:37 : update: added /0061.阿郎恋曲-许冠杰.flac
Jul 13 14:37 : update: added /0230.半斤八两-许冠杰.flac
Jul 13 14:37 : update: added /0274.碧兰村的姑娘-邓丽君.flac
Jul 13 14:37 : update: added /0453.除了你-韩宝仪.flac
Jul 13 14:37 : update: added /0363.不再犹豫-Beyond.flac
Jul 13 14:37 : update: added /0478.聪明糊涂心-陈淑桦.flac
Jul 13 14:37 : update: added /0439.迟来的春天-谭咏麟.flac
Jul 13 14:37 : update: added /0149.爱情字典-孙燕姿.flac
Jul 13 14:37 : update: added /0139.爱情鸟-林依轮.flac
Jul 13 14:37 : update: added /0322.不了情-邓丽君.flac
Jul 13 14:37 : update: added /0272.彼此的世界早已拉近-罗嘉良.flac
Jul 13 14:37 : update: added /0416.彻彻底底忘记你-蒋钰华.flac
Jul 13 14:37 : update: added /0076.爱得太迟-古巨基.flac
Jul 13 14:37 : update: added /0430.痴痴的等-凤飞飞.flac
Jul 13 14:37 : update: added /0419.沉默是金-许冠杰&张国荣.flac
Jul 13 14:37 : update: added /0241.保卫黄河-中国国家交响乐团.flac
Jul 13 14:37 : update: added /0490.达奇达奇嘟-郑智化.flac
Jul 13 14:37 : update: added /0038.Love-Beyond.flac
Jul 13 14:37 : update: added /0224.白天不懂夜的黑-那英.flac
Jul 13 14:37 : update: added /0456.触电-S.H.E.flac
Jul 13 14:37 : update: added /0436.痴心换情深-周慧敏.flac
Jul 13 14:37 : update: added /0054.The Moment-孙燕姿.flac
Jul 13 14:37 : update: added /0167.爱死你-莫文蔚.ape
Jul 13 14:37 : update: added /0357.不要走不要走-潘美辰.flac
Jul 13 14:37 : update: added /0084.爱的奉献-韦唯.flac
Jul 13 14:37 : update: added /0154.爱如空气-孙俪.flac
Jul 13 14:37 : update: added /0254.备份的爱-陈松伶.flac
Jul 13 14:37 : update: added /0320.不浪漫罪名-王杰.flac
Jul 13 14:37 : update: added /0169.爱我到今生-蓝心湄.flac
Jul 13 14:37 : update: added /0199.安静了-S.H.E.flac
Jul 13 14:37 : update: added /0305.捕风的汉子-谭咏麟.flac
Jul 13 14:37 : update: added /0476.刺伤-千百惠.flac
Jul 13 14:37 : update: added /0429.痴痴缠-千百惠.flac
Jul 13 14:37 : update: added /0239.包容-郑源.flac
Jul 13 14:37 : update: added /0101.爱江山更爱美人-李丽芬.flac
Jul 13 14:37 : update: added /0375.彩虹-羽·泉.flac
Jul 13 14:37 : update: added /0069.爱不留-张信哲.flac
Jul 13 14:37 : update: added /0135.爱情路-周华健.flac
Jul 13 14:37 : update: added /0413.潮湿的心-甘萍.flac
Jul 13 14:37 : update: added /0029.I Feel Good-任贤齐.flac
Jul 13 14:37 : update: added /0256.背叛-伍佰.flac
Jul 13 14:37 : update: added /0155.爱如影随行-陈松伶&任贤齐.flac
Jul 13 14:37 : update: added /0171.爱我的人和我爱的人-裘海正.flac
Jul 13 14:37 : update: added /0318.不可一世-Beyond.flac
Jul 13 14:37 : update: added /0382.沧海一声笑-任贤齐.flac
Jul 13 14:37 : update: added /0055.Tiamo-徐怀钰.flac
Jul 13 14:37 : update: added /0498.大地恩情-关正杰.flac
Jul 13 14:37 : update: added /0330.不能这样活-刘欢.flac
Jul 13 14:37 : update: added /0125.爱情的故事-方季惟.flac
Jul 13 14:37 : update: added /0242.抱紧我心-张智霖&许秋怡.flac
Jul 13 14:37 : update: added /0411.朝前走-黑豹乐队.flac
Jul 13 14:37 : update: added /0112.爱你的苦-长春虫子.flac
Jul 13 14:37 : update: added /0395.曾经是我最爱的人-陈瑞.flac
Jul 13 14:37 : update: added /0189.爱与痛的边缘-谭咏麟.flac
Jul 13 14:37 : update: added /0451.初恋的地方-张信哲.flac
Jul 13 14:37 : update: added /0491.答案-齐豫.flac
Jul 13 14:37 : update: added /0221.白桦林-朴树.flac
Jul 13 14:37 : update: added /0008.Amani-Beyond.flac
Jul 13 14:37 : update: added /0157.爱上别人的人-杨蔓.flac
Jul 13 14:37 : update: added /0176.爱我中华-韦唯.flac
Jul 13 14:37 : update: added /0414.潮湿的心-卓依婷.flac
Jul 13 14:37 : update: added /0349.不要说爱我-苏慧伦.flac
Jul 13 14:37 : update: added /0108.爱你爱你-林翠萍.flac
Jul 13 14:37 : update: added /0469.春去春又回-陈淑桦.flac
Jul 13 14:37 : update: added /0182.爱一个人好难-苏永康.flac
Jul 13 14:37 : update: added /0115.爱你那么多-陈瑞.flac
Jul 13 14:37 : update: added /0017.Darling-范晓萱.flac
Jul 13 14:37 : update: added /0332.不怕死-杜德伟.flac
Jul 13 14:37 : update: added /0227.搬屋-郑中基.flac
Jul 13 14:37 : update: added /0031.I'll Be Your Man-费翔.flac
Jul 13 14:37 : update: added /0492.答案-徐小凤.flac
Jul 13 14:37 : update: added /0077.爱得小心-草蜢.flac
Jul 13 14:37 : update: added /0472.春天花会开-任贤齐.flac
Jul 13 14:37 : update: added /0015.Chocolate Boy-徐怀钰.flac
Jul 13 14:37 : update: added /0184.爱已成风-张信哲.flac
Jul 13 14:37 : update: added /0040.Loving You-张靓颖.flac
Jul 13 14:37 : update: added /0098.爱多一次痛多一次-谭咏麟.flac
Jul 13 14:37 : update: added /0299.冰吻-王键.flac
Jul 13 14:37 : update: added /0005.5.6.7.8.Going-徐怀钰.flac
Jul 13 14:37 : update: added /0260.被伤过的心还可以爱谁-六哲.flac
Jul 13 14:37 : update: added /0181.爱要怎么说出口-赵传.flac
Jul 13 14:37 : update: added /0010.Ba Ba Ba-草蜢.flac
Jul 13 14:37 : update: added /0064.艾里甫与赛乃姆-刀郎.flac
Jul 13 14:37 : update: added /0142.爱情一阵风-林玉英.flac
Jul 13 14:37 : update: added /0488.错误的爱-韩宝仪.flac
Jul 13 14:37 : update: added /0216.霸王别姬-屠洪刚.flac
Jul 13 14:37 : update: added /0378.彩云之南-徐千雅.flac
Jul 13 14:37 : update: added /0126.爱情的尽头-伍佰.flac
Jul 13 14:37 : update: added /0321.不老的传说-张学友.flac
Jul 13 14:37 : update: added /0129.爱情多恼河-熊天平.flac
Jul 13 14:37 : update: added /0380.苍天在上-郑钧.flac
Jul 13 14:37 : update: added /0014.Cheri-谭维维.flac
Jul 13 14:37 : update: added /0294.别用下辈子安慰我-陈瑞.flac
Jul 13 14:37 : update: added /0446.出卖-那英.flac
Jul 13 14:37 : update: added /0465.创造晴天-罗嘉良.flac
Jul 13 14:37 : update: added /0307.不必在乎我是谁-李宗盛.flac
Jul 13 14:37 : update: added /0442.冲上云霄-林子祥.flac
Jul 13 14:37 : update: added /0099.爱-费翔.flac
Jul 13 14:37 : update: added /0269.比我幸福-陈晓东.flac
Jul 13 14:37 : update: added /0409.超快感-孙燕姿.flac
Jul 13 14:37 : update: added /0463.闯天涯-赵真&司徒兰芳.flac
Jul 13 14:37 : update: added /0183.爱一回伤一回-游鸿明.flac
Jul 13 14:37 : update: added /0473.春天里-汪峰.flac
Jul 13 14:37 : update: added /0297.冰力十足-任贤齐.flac
Jul 13 14:37 : update: added /0301.兵哥哥-宋祖英.flac
Jul 13 14:37 : update: added /0086.爱的痕迹-陈瑞.flac
Jul 13 14:37 : update: added /0468.春泥-庾澄庆.flac
Jul 13 14:37 : update: added /0148.爱情转移-陈奕迅.flac
Jul 13 14:37 : update: added /0407.唱这歌-郭富城.flac
Jul 13 14:37 : update: added /0233.半梦半醒之间-谭咏麟.flac
Jul 13 14:37 : update: added /0027.I Believe-张信哲.flac
Jul 13 14:37 : update: added /0298.冰山上的雪莲-刀郎.flac
Jul 13 14:37 : update: added /0023.Gentleman-Psy.flac
Jul 13 14:37 : update: added /0365.不只是朋友-黄小琥.flac
Jul 13 14:37 : update: added /0161.爱上烟雨楼-陈瑞.flac
Jul 13 14:37 : update: added /0021.Everything-王力宏.flac
Jul 13 14:37 : update: added /0292.别问-张学友.flac
Jul 13 14:37 : update: added /0461.窗外-李琛.flac
Jul 13 14:37 : update: added /0102.爱就爱了-陈琳.flac
Jul 13 14:37 : update: added /0175.爱我中华-宋祖英.flac
Jul 13 14:37 : update: added /0458.传奇-王菲.flac
Jul 13 14:37 : update: added /0173.爱我多深-杨钰莹.flac
Jul 13 14:37 : update: added /0091.爱的世界-齐豫.flac
Jul 13 14:37 : update: added /0389.草原迎宾曲-降央卓玛.flac
Jul 13 14:37 : update: added /0095.爱的血泪史-冷漠&云菲菲.flac
Jul 13 14:37 : update: added /0236.半糖主义-S.H.E.flac
Jul 13 14:37 : update: added /0377.彩云伴海鸥-高胜美.flac
Jul 13 14:37 : update: added /0358.不愿一个人-周华健.flac
Jul 13 14:37 : update: added /0311.不该爱上你-刘德华.flac
Jul 13 14:37 : update: added /0374.彩虹-杜德伟.flac
Jul 13 14:37 : update: added /0316.不见不散-Beyond.flac
Jul 13 14:37 : update: added /0130.爱情废柴-周杰伦.flac
Jul 13 14:37 : update: added /0165.爱是手机不是我-慕容晓晓.flac
Jul 13 14:37 : update: added /0312.不敢相信的爱情-原声大碟.flac
Jul 13 14:37 : update: added /0226.百万个吻-陈明真.flac
Jul 13 14:37 : update: added /0450.初恋的地方-邓丽君.flac
Jul 13 14:37 : update: added /0128.爱情电影-熊天平.flac
Jul 13 14:37 : update: added /0335.不如跳舞-陈慧琳.flac
Jul 13 14:37 : update: added /0356.不要指望我-黑豹乐队.flac
Jul 13 14:37 : update: added /0121.爱拼才会赢-叶启田.flac
Jul 13 14:37 : update: added /0496.大城小爱-王力宏.flac
Jul 13 14:37 : update: added /0140.爱情算什么东西-冷漠&杨小曼.flac
Jul 13 14:37 : update: added /0471.春天的故事-齐豫.flac
Jul 13 14:37 : update: added /0231.半句承诺-陈瑞.flac
Jul 13 14:37 : update: added /0443.哮儿飞-郑伊健.flac
Jul 13 14:37 : update: added /0313.不管有多苦-那英.flac
Jul 13 14:37 : update: added /0314.不悔-蔡琴.flac
Jul 13 14:37 : update: added /0405.偿还 (国语)-邓丽君.flac
Jul 13 14:37 : update: added /0166.爱是唯一的理由-陈淑桦.flac
Jul 13 14:37 : update: added /0499.大地恩情-叶振棠.ape
Jul 13 14:37 : update: added /0198.暧昧-王菲.flac
Jul 13 14:37 : update: added /0257.被爱-张国荣.flac
Jul 13 14:37 : update: added /0464.创造命运-谭咏麟.flac
Jul 13 14:37 : update: added /0412.朝圣者的脚步-刀郎.flac
Jul 13 14:37 : update: added /0116.爱你一生-祁隆&乐凡.flac
Jul 13 14:37 : update: added /0354.不要在脸上留下眼泪-罗百吉.flac
Jul 13 14:37 : update: added /0485.错错错-六哲&陈娟儿.flac
Jul 13 14:37 : update: added /0341.不想让你知道-周蕙.flac
Jul 13 14:37 : update: added /0060.阿飞和他的那个女人-郑智化.flac
Jul 13 14:37 : update: added /0497.大地-Beyond.flac
Jul 13 14:37 : update: added /0424.城里的月光-齐秦.flac
Jul 13 14:37 : update: added /0432.痴情的爱-任静.flac
Jul 13 14:37 : update: added /0033.Jin Li Jiu Shi Zui Hao-陈秀雯.ape
Jul 13 14:37 : update: added /0403.缠绵游戏-梁汉文.ape
Jul 13 14:37 : update: added /0334.不如归去-韩宝仪.flac
Jul 13 14:37 : update: added /0012.Can You Feel My World-王力宏.flac
Jul 13 14:37 : update: added /0309.不变的谎言-周慧敏.flac
Jul 13 14:37 : update: added /0283.别让情两难-张信哲&范文芳.flac
Jul 13 14:37 : update: added /0032.Imagine-郑钧&高旗.flac
Jul 13 14:37 : update: added /0462.床边故事-周杰伦.flac
Jul 13 14:37 : update: added /0109.爱你不是谎言-费翔.flac
Jul 13 14:37 : update: added /0287.别说爱情苦-刘德华&梅艳芳.flac
Jul 13 14:37 : update: added /0351.不要逃避-唐朝.ape
Jul 13 14:37 : update: added /0016.DADDY-Psy&CL.flac
Jul 13 14:37 : update: added /0163.爱上一个人好累-陈玉建.flac
Jul 13 14:37 : update: added /0293.别因寂寞犯了错-于金胜.flac
Jul 13 14:37 : update: added /0186.爱已休止-费翔.flac
Jul 13 14:37 : update: added /0326.不能跟情人说的话-范玮琪&刘若英.flac
Jul 13 14:37 : update: added /0280.别哭，我最爱的人-郑智化.flac
Jul 13 14:37 : update: added /0386.草原请你来-蒙克.flac
Jul 13 14:37 : update: added /0044.Oh Honey Honey-阿牛.flac
Jul 13 14:37 : update: added /0401.茶山情歌-杨钰莹.flac
Jul 13 14:37 : update: added /0002.2002年的第一场雪-刀郎.flac
Jul 13 14:37 : update: added /0447.出塞曲 II-蔡琴.flac
Jul 13 14:37 : update: added /0223.白色恋人-游鸿明.flac
Jul 13 14:37 : update: added /0062.阿里山的姑娘-邓丽君.flac
Jul 13 14:37 : update: added /0331.不怕不能再相见-邓丽君.flac
Jul 13 14:37 : update: added /0355.不要在我寂寞的时候说爱我-T.R.Y..flac
Jul 13 14:37 : update: added /0438.迟来的爱-李茂山.flac
Jul 13 14:37 : update: added /0279.遍体鳞伤-草蜢.flac
Jul 13 14:37 : update: added /0110.爱你不是浑闲事-陈松伶.flac
Jul 13 14:37 : update: added /0164.爱是你我-刀郎&云朵&王翰仪.flac
Jul 13 14:37 : update: added /0350.不要说黎明-郑智化.flac
Jul 13 14:37 : update: added /0065.爱，很简单-陶喆.flac
Jul 13 14:37 : update: added /0004.24楼-刘若英&杨坤.flac
Jul 13 14:37 : update: added /0123.爱情保险-韩宝仪&林淑娟.flac
Jul 13 14:37 : update: added /0127.爱情的债-林翠萍.flac
Jul 13 14:37 : update: added /0278.变心的翅膀-陈明真.flac
Jul 13 14:37 : update: added /0106.爱那么重-巫启贤.flac
Jul 13 14:37 : update: added /0122.爱情包围圈-龙梅子.flac
Jul 13 14:37 : update: added /0470.春天的故事-董文华.flac
Jul 13 14:37 : update: added /0361.不再联系-夏天Alex.flac
Jul 13 14:37 : update: added /0159.爱上你等于爱上寂寞-那英.flac
Jul 13 14:37 : update: added /0143.爱情有什么道理-张艾嘉&李宗盛.flac
Jul 13 14:37 : update: added /0206.敖包相会-乌兰图雅&云飞.flac
Jul 13 14:37 : update: added /0494.打起手鼓唱起歌-刀郎.flac
Jul 13 14:37 : update: added /0487.错误的爱-陈盈洁.flac
Jul 13 14:37 : update: added /0263.奔跑-黄征&羽·泉.flac
Jul 13 14:37 : update: added /0073.爱到你发狂-谭咏麟.flac
Jul 13 14:37 : update: added /0124.爱情不向任何人承诺-黄凯芹.flac
Jul 13 14:37 : update: added /0480.从开始到现在-张信哲.flac
Jul 13 14:37 : update: added /0179.爱像一场重感冒-徐怀钰.flac
Jul 13 14:37 : update: added /0368.擦干你的泪水-刘芳.flac
Jul 13 14:37 : update: added /0428.吃醋-慕容晓晓.flac
Jul 13 14:37 : update: added /0445.丑八怪-李克勤.flac
Jul 13 14:37 : update: added /0404.常回家看看-陈红.flac
Jul 13 14:37 : update: added /0475.此生不见-陈瑞.flac
Jul 13 14:37 : update: added /0379.踩着三轮车卖菜的老阿伯-阿牛.flac
Jul 13 14:37 : update: added /0289.别思-陈瑞.flac
Jul 13 14:37 : update: added /0323.不能不想你-周冰倩.flac
Jul 13 14:37 : update: added /0217.白富美-大庆小芳.flac
Jul 13 14:37 : update: added /0302.波斯猫-S.H.E.flac
Jul 13 14:37 : update: added /0393.曾经的你-许巍.flac
Jul 13 14:37 : update: added /0056.Track08-邓丽君.flac
Jul 13 14:37 : update: added /0255.背对背拥抱-林俊杰.flac
Jul 13 14:37 : update: added /0271.彼岸花语-陈瑞.flac
Jul 13 14:37 : update: added /0304.玻璃之情-张国荣.flac
Jul 13 14:37 : update: added /0190.爱越深，越卑微-吴姗姗.flac
Jul 13 14:37 : update: added /0482.从头再来-崔健.flac
Jul 13 14:37 : update: added /0071.爱错-王力宏.flac
Jul 13 14:37 : update: added /0495.大笨钟-周杰伦.flac
Jul 13 14:37 : update: added /0205.暗涌-杨丞琳.flac
Jul 13 14:37 : update: added /0434.痴心不变-黄翊.ape
Jul 13 14:37 : update: added /0244.杯中酒 情人旧-陈瑞&王峰.flac
Jul 13 14:37 : update: added /0460.窗外-邓丽君.flac
Jul 13 14:37 : update: added /0275.避风港-郑智化.flac
Jul 13 14:37 : update: added /0437.迟到-刘文正.flac
Jul 13 14:37 : update: added /0147.爱情专属权-龙猫组合.flac
Jul 13 14:37 : update: added /0212.把你宠坏-杜德伟.flac
Jul 13 14:37 : update: added /0045.OK？OK!-苏慧伦&任贤齐&罗百吉.flac
Jul 13 14:37 : update: added /0282.别怕我伤心-张信哲.flac
Jul 13 14:37 : update: added /0030.I Miss You-罗百吉&青春美少女.ape
Jul 13 14:37 : update: added /0262.被遗忘的-杨宗纬.flac
Jul 13 14:37 : update: added /0247.北风吹-朱逢博.flac
Jul 13 14:37 : update: added /0489.达坂城的姑娘-刀郎.flac
Jul 13 14:37 : update: added /0193.爱在深秋-谭咏麟.flac
Jul 13 14:37 : update: added /0131.爱情复兴-容祖儿.flac
Jul 13 14:37 : update: added /0347.不要对他说-张信哲.flac
Jul 13 14:37 : update: added /0072.爱到底-谭维维.flac
Jul 13 14:37 : update: added /0284.别让我一个人醉-姜育恒.flac
Jul 13 14:37 : update: added /0486.错过了缘分错过你-陈瑞.flac
Jul 13 14:37 : update: added /0425.城里的月光-许美静.flac
Jul 13 14:37 : update: added /0133.爱情就像一阵风-林翠萍.flac
Jul 13 14:37 : update: added /0117.爱你一万年-刘德华.flac
Jul 13 14:37 : update: added /0025.HI呀-田震.flac
Jul 13 14:37 : update: added /0431.痴情(一串痴情一串泪)-黎姿&张卫健.flac
Jul 13 14:37 : update: added /0296.冰冻的女人-邝美云.flac
Jul 13 14:37 : exception: Failed to open /home/molisiye/.config/mpd/playlists: No such file or directory
Jul 13 14:37 : player: played "0046.Para Para 樱之花-郭富城.flac"
Jul 13 15:18 : player: played "0357.不要走不要走-潘美辰.flac"
